Analysis & Synthesis report for fifo
Tue Nov 07 13:34:14 2023
Quartus Prime Version 18.1.0 Build 625 09/12/2018 SJ Lite Edition


---------------------
; Table of Contents ;
---------------------
  1. Legal Notice
  2. Analysis & Synthesis Summary
  3. Analysis & Synthesis Settings
  4. Parallel Compilation
  5. Analysis & Synthesis Source Files Read
  6. Analysis & Synthesis Resource Usage Summary
  7. Analysis & Synthesis Resource Utilization by Entity
  8. User-Specified and Inferred Latches
  9. General Register Statistics
 10. Multiplexer Restructuring Statistics (Restructuring Performed)
 11. Parameter Settings for User Entity Instance: fifo_ns:U0
 12. Parameter Settings for User Entity Instance: fifo_cal:U1
 13. Parameter Settings for User Entity Instance: fifo_out:U2
 14. Port Connectivity Checks: "register32_r_en:reg_dout"
 15. Port Connectivity Checks: "register3_r_en:reg_tail"
 16. Port Connectivity Checks: "register3_r_en:reg_head"
 17. Port Connectivity Checks: "register4_r_en:reg_data_count"
 18. Port Connectivity Checks: "register3_r_en:reg_state"
 19. Post-Synthesis Netlist Statistics for Top Partition
 20. Elapsed Time Per Partition
 21. Analysis & Synthesis Messages
 22. Analysis & Synthesis Suppressed Messages



----------------
; Legal Notice ;
----------------
Copyright (C) 2018  Intel Corporation. All rights reserved.
Your use of Intel Corporation's design tools, logic functions 
and other software and tools, and its AMPP partner logic 
functions, and any output files from any of the foregoing 
(including device programming or simulation files), and any 
associated documentation or information are expressly subject 
to the terms and conditions of the Intel Program License 
Subscription Agreement, the Intel Quartus Prime License Agreement,
the Intel FPGA IP License Agreement, or other applicable license
agreement, including, without limitation, that your use is for
the sole purpose of programming logic devices manufactured by
Intel and sold by Intel or its authorized distributors.  Please
refer to the applicable agreement for further details.



+-------------------------------------------------------------------------------+
; Analysis & Synthesis Summary                                                  ;
+---------------------------------+---------------------------------------------+
; Analysis & Synthesis Status     ; Successful - Tue Nov 07 13:34:14 2023       ;
; Quartus Prime Version           ; 18.1.0 Build 625 09/12/2018 SJ Lite Edition ;
; Revision Name                   ; fifo                                        ;
; Top-level Entity Name           ; fifo                                        ;
; Family                          ; Cyclone V                                   ;
; Logic utilization (in ALMs)     ; N/A                                         ;
; Total registers                 ; 301                                         ;
; Total pins                      ; 78                                          ;
; Total virtual pins              ; 0                                           ;
; Total block memory bits         ; 0                                           ;
; Total DSP Blocks                ; 0                                           ;
; Total HSSI RX PCSs              ; 0                                           ;
; Total HSSI PMA RX Deserializers ; 0                                           ;
; Total HSSI TX PCSs              ; 0                                           ;
; Total HSSI PMA TX Serializers   ; 0                                           ;
; Total PLLs                      ; 0                                           ;
; Total DLLs                      ; 0                                           ;
+---------------------------------+---------------------------------------------+


+---------------------------------------------------------------------------------------------------------------------------+
; Analysis & Synthesis Settings                                                                                             ;
+---------------------------------------------------------------------------------+--------------------+--------------------+
; Option                                                                          ; Setting            ; Default Value      ;
+---------------------------------------------------------------------------------+--------------------+--------------------+
; Device                                                                          ; 5CSXFC6D6F31C6     ;                    ;
; Top-level entity name                                                           ; fifo               ; fifo               ;
; Family name                                                                     ; Cyclone V          ; Cyclone V          ;
; Use smart compilation                                                           ; Off                ; Off                ;
; Enable parallel Assembler and Timing Analyzer during compilation                ; On                 ; On                 ;
; Enable compact report table                                                     ; Off                ; Off                ;
; Restructure Multiplexers                                                        ; Auto               ; Auto               ;
; MLAB Add Timing Constraints For Mixed-Port Feed-Through Mode Setting Don't Care ; Off                ; Off                ;
; Create Debugging Nodes for IP Cores                                             ; Off                ; Off                ;
; Preserve fewer node names                                                       ; On                 ; On                 ;
; Intel FPGA IP Evaluation Mode                                                   ; Enable             ; Enable             ;
; Verilog Version                                                                 ; Verilog_2001       ; Verilog_2001       ;
; VHDL Version                                                                    ; VHDL_1993          ; VHDL_1993          ;
; State Machine Processing                                                        ; Auto               ; Auto               ;
; Safe State Machine                                                              ; Off                ; Off                ;
; Extract Verilog State Machines                                                  ; On                 ; On                 ;
; Extract VHDL State Machines                                                     ; On                 ; On                 ;
; Ignore Verilog initial constructs                                               ; Off                ; Off                ;
; Iteration limit for constant Verilog loops                                      ; 5000               ; 5000               ;
; Iteration limit for non-constant Verilog loops                                  ; 250                ; 250                ;
; Add Pass-Through Logic to Inferred RAMs                                         ; On                 ; On                 ;
; Infer RAMs from Raw Logic                                                       ; On                 ; On                 ;
; Parallel Synthesis                                                              ; On                 ; On                 ;
; DSP Block Balancing                                                             ; Auto               ; Auto               ;
; NOT Gate Push-Back                                                              ; On                 ; On                 ;
; Power-Up Don't Care                                                             ; On                 ; On                 ;
; Remove Redundant Logic Cells                                                    ; Off                ; Off                ;
; Remove Duplicate Registers                                                      ; On                 ; On                 ;
; Ignore CARRY Buffers                                                            ; Off                ; Off                ;
; Ignore CASCADE Buffers                                                          ; Off                ; Off                ;
; Ignore GLOBAL Buffers                                                           ; Off                ; Off                ;
; Ignore ROW GLOBAL Buffers                                                       ; Off                ; Off                ;
; Ignore LCELL Buffers                                                            ; Off                ; Off                ;
; Ignore SOFT Buffers                                                             ; On                 ; On                 ;
; Limit AHDL Integers to 32 Bits                                                  ; Off                ; Off                ;
; Optimization Technique                                                          ; Balanced           ; Balanced           ;
; Carry Chain Length                                                              ; 70                 ; 70                 ;
; Auto Carry Chains                                                               ; On                 ; On                 ;
; Auto Open-Drain Pins                                                            ; On                 ; On                 ;
; Perform WYSIWYG Primitive Resynthesis                                           ; Off                ; Off                ;
; Auto ROM Replacement                                                            ; On                 ; On                 ;
; Auto RAM Replacement                                                            ; On                 ; On                 ;
; Auto DSP Block Replacement                                                      ; On                 ; On                 ;
; Auto Shift Register Replacement                                                 ; Auto               ; Auto               ;
; Allow Shift Register Merging across Hierarchies                                 ; Auto               ; Auto               ;
; Auto Clock Enable Replacement                                                   ; On                 ; On                 ;
; Strict RAM Replacement                                                          ; Off                ; Off                ;
; Allow Synchronous Control Signals                                               ; On                 ; On                 ;
; Force Use of Synchronous Clear Signals                                          ; Off                ; Off                ;
; Auto Resource Sharing                                                           ; Off                ; Off                ;
; Allow Any RAM Size For Recognition                                              ; Off                ; Off                ;
; Allow Any ROM Size For Recognition                                              ; Off                ; Off                ;
; Allow Any Shift Register Size For Recognition                                   ; Off                ; Off                ;
; Use LogicLock Constraints during Resource Balancing                             ; On                 ; On                 ;
; Ignore translate_off and synthesis_off directives                               ; Off                ; Off                ;
; Timing-Driven Synthesis                                                         ; On                 ; On                 ;
; Report Parameter Settings                                                       ; On                 ; On                 ;
; Report Source Assignments                                                       ; On                 ; On                 ;
; Report Connectivity Checks                                                      ; On                 ; On                 ;
; Ignore Maximum Fan-Out Assignments                                              ; Off                ; Off                ;
; Synchronization Register Chain Length                                           ; 3                  ; 3                  ;
; Power Optimization During Synthesis                                             ; Normal compilation ; Normal compilation ;
; HDL message level                                                               ; Level2             ; Level2             ;
; Suppress Register Optimization Related Messages                                 ; Off                ; Off                ;
; Number of Removed Registers Reported in Synthesis Report                        ; 5000               ; 5000               ;
; Number of Swept Nodes Reported in Synthesis Report                              ; 5000               ; 5000               ;
; Number of Inverted Registers Reported in Synthesis Report                       ; 100                ; 100                ;
; Clock MUX Protection                                                            ; On                 ; On                 ;
; Auto Gated Clock Conversion                                                     ; Off                ; Off                ;
; Block Design Naming                                                             ; Auto               ; Auto               ;
; SDC constraint protection                                                       ; Off                ; Off                ;
; Synthesis Effort                                                                ; Auto               ; Auto               ;
; Shift Register Replacement - Allow Asynchronous Clear Signal                    ; On                 ; On                 ;
; Pre-Mapping Resynthesis Optimization                                            ; Off                ; Off                ;
; Analysis & Synthesis Message Level                                              ; Medium             ; Medium             ;
; Disable Register Merging Across Hierarchies                                     ; Auto               ; Auto               ;
; Resource Aware Inference For Block RAM                                          ; On                 ; On                 ;
; Automatic Parallel Synthesis                                                    ; On                 ; On                 ;
; Partial Reconfiguration Bitstream ID                                            ; Off                ; Off                ;
+---------------------------------------------------------------------------------+--------------------+--------------------+


+------------------------------------------+
; Parallel Compilation                     ;
+----------------------------+-------------+
; Processors                 ; Number      ;
+----------------------------+-------------+
; Number detected on machine ; 16          ;
; Maximum allowed            ; 12          ;
;                            ;             ;
; Average used               ; 1.00        ;
; Maximum used               ; 12          ;
;                            ;             ;
; Usage by Processor         ; % Time Used ;
;     Processor 1            ; 100.0%      ;
;     Processors 2-12        ;   0.0%      ;
+----------------------------+-------------+


+----------------------------------------------------------------------------------------------------------------------------------------------------+
; Analysis & Synthesis Source Files Read                                                                                                             ;
+----------------------------------+-----------------+------------------------+------------------------------------------------------------+---------+
; File Name with User-Entered Path ; Used in Netlist ; File Type              ; File Name with Absolute Path                               ; Library ;
+----------------------------------+-----------------+------------------------+------------------------------------------------------------+---------+
; register32_8.v                   ; yes             ; User Verilog HDL File  ; C:/Users/kk200/verilog/Assignment8. FIFO/register32_8.v    ;         ;
; _8_to_1_MUX.v                    ; yes             ; User Verilog HDL File  ; C:/Users/kk200/verilog/Assignment8. FIFO/_8_to_1_MUX.v     ;         ;
; _3_to_8_decoder.v                ; yes             ; User Verilog HDL File  ; C:/Users/kk200/verilog/Assignment8. FIFO/_3_to_8_decoder.v ;         ;
; write_operation.v                ; yes             ; User Verilog HDL File  ; C:/Users/kk200/verilog/Assignment8. FIFO/write_operation.v ;         ;
; register32_r_en.v                ; yes             ; User Verilog HDL File  ; C:/Users/kk200/verilog/Assignment8. FIFO/register32_r_en.v ;         ;
; read_operation.v                 ; yes             ; User Verilog HDL File  ; C:/Users/kk200/verilog/Assignment8. FIFO/read_operation.v  ;         ;
; fifo.v                           ; yes             ; User Verilog HDL File  ; C:/Users/kk200/verilog/Assignment8. FIFO/fifo.v            ;         ;
; fifo_ns.v                        ; yes             ; User Verilog HDL File  ; C:/Users/kk200/verilog/Assignment8. FIFO/fifo_ns.v         ;         ;
; fifo_cal.v                       ; yes             ; User Verilog HDL File  ; C:/Users/kk200/verilog/Assignment8. FIFO/fifo_cal.v        ;         ;
; fifo_out.v                       ; yes             ; User Verilog HDL File  ; C:/Users/kk200/verilog/Assignment8. FIFO/fifo_out.v        ;         ;
; Register_file.v                  ; yes             ; User Verilog HDL File  ; C:/Users/kk200/verilog/Assignment8. FIFO/Register_file.v   ;         ;
; register3_r_en.v                 ; yes             ; User Verilog HDL File  ; C:/Users/kk200/verilog/Assignment8. FIFO/register3_r_en.v  ;         ;
; register4_r_en.v                 ; yes             ; User Verilog HDL File  ; C:/Users/kk200/verilog/Assignment8. FIFO/register4_r_en.v  ;         ;
+----------------------------------+-----------------+------------------------+------------------------------------------------------------+---------+


+---------------------------------------------------------+
; Analysis & Synthesis Resource Usage Summary             ;
+---------------------------------------------+-----------+
; Resource                                    ; Usage     ;
+---------------------------------------------+-----------+
; Estimate of Logic utilization (ALMs needed) ; 193       ;
;                                             ;           ;
; Combinational ALUT usage for logic          ; 149       ;
;     -- 7 input functions                    ; 1         ;
;     -- 6 input functions                    ; 67        ;
;     -- 5 input functions                    ; 5         ;
;     -- 4 input functions                    ; 15        ;
;     -- <=3 input functions                  ; 61        ;
;                                             ;           ;
; Dedicated logic registers                   ; 301       ;
;                                             ;           ;
; I/O pins                                    ; 78        ;
;                                             ;           ;
; Total DSP Blocks                            ; 0         ;
;                                             ;           ;
; Maximum fan-out node                        ; clk~input ;
; Maximum fan-out                             ; 301       ;
; Total fan-out                               ; 1978      ;
; Average fan-out                             ; 3.26      ;
+---------------------------------------------+-----------+


+---------------------------------------------------------------------------------------------------------------------------------------------------------------------------------------------------------------------------------------------------------------------+
; Analysis & Synthesis Resource Utilization by Entity                                                                                                                                                                                                                 ;
+-----------------------------------------------+---------------------+---------------------------+-------------------+------------+------+--------------+---------------------------------------------------------------------------+-----------------+--------------+
; Compilation Hierarchy Node                    ; Combinational ALUTs ; Dedicated Logic Registers ; Block Memory Bits ; DSP Blocks ; Pins ; Virtual Pins ; Full Hierarchy Name                                                       ; Entity Name     ; Library Name ;
+-----------------------------------------------+---------------------+---------------------------+-------------------+------------+------+--------------+---------------------------------------------------------------------------+-----------------+--------------+
; |fifo                                         ; 149 (0)             ; 301 (0)                   ; 0                 ; 0          ; 78   ; 0            ; |fifo                                                                     ; fifo            ; work         ;
;    |Register_file:U3|                         ; 104 (0)             ; 256 (0)                   ; 0                 ; 0          ; 0    ; 0            ; |fifo|Register_file:U3                                                    ; Register_file   ; work         ;
;       |read_operation:U2|                     ; 96 (0)              ; 0 (0)                     ; 0                 ; 0          ; 0    ; 0            ; |fifo|Register_file:U3|read_operation:U2                                  ; read_operation  ; work         ;
;          |_8_to_1_MUX:U0_mx8|                 ; 96 (96)             ; 0 (0)                     ; 0                 ; 0          ; 0    ; 0            ; |fifo|Register_file:U3|read_operation:U2|_8_to_1_MUX:U0_mx8               ; _8_to_1_MUX     ; work         ;
;       |register32_8:U1|                       ; 0 (0)               ; 256 (0)                   ; 0                 ; 0          ; 0    ; 0            ; |fifo|Register_file:U3|register32_8:U1                                    ; register32_8    ; work         ;
;          |register32_r_en:U0_regitser32_r_en| ; 0 (0)               ; 32 (32)                   ; 0                 ; 0          ; 0    ; 0            ; |fifo|Register_file:U3|register32_8:U1|register32_r_en:U0_regitser32_r_en ; register32_r_en ; work         ;
;          |register32_r_en:U1_regitser32_r_en| ; 0 (0)               ; 32 (32)                   ; 0                 ; 0          ; 0    ; 0            ; |fifo|Register_file:U3|register32_8:U1|register32_r_en:U1_regitser32_r_en ; register32_r_en ; work         ;
;          |register32_r_en:U2_regitser32_r_en| ; 0 (0)               ; 32 (32)                   ; 0                 ; 0          ; 0    ; 0            ; |fifo|Register_file:U3|register32_8:U1|register32_r_en:U2_regitser32_r_en ; register32_r_en ; work         ;
;          |register32_r_en:U3_regitser32_r_en| ; 0 (0)               ; 32 (32)                   ; 0                 ; 0          ; 0    ; 0            ; |fifo|Register_file:U3|register32_8:U1|register32_r_en:U3_regitser32_r_en ; register32_r_en ; work         ;
;          |register32_r_en:U4_regitser32_r_en| ; 0 (0)               ; 32 (32)                   ; 0                 ; 0          ; 0    ; 0            ; |fifo|Register_file:U3|register32_8:U1|register32_r_en:U4_regitser32_r_en ; register32_r_en ; work         ;
;          |register32_r_en:U5_regitser32_r_en| ; 0 (0)               ; 32 (32)                   ; 0                 ; 0          ; 0    ; 0            ; |fifo|Register_file:U3|register32_8:U1|register32_r_en:U5_regitser32_r_en ; register32_r_en ; work         ;
;          |register32_r_en:U6_regitser32_r_en| ; 0 (0)               ; 32 (32)                   ; 0                 ; 0          ; 0    ; 0            ; |fifo|Register_file:U3|register32_8:U1|register32_r_en:U6_regitser32_r_en ; register32_r_en ; work         ;
;          |register32_r_en:U7_regitser32_r_en| ; 0 (0)               ; 32 (32)                   ; 0                 ; 0          ; 0    ; 0            ; |fifo|Register_file:U3|register32_8:U1|register32_r_en:U7_regitser32_r_en ; register32_r_en ; work         ;
;       |write_operation:U0|                    ; 8 (8)               ; 0 (0)                     ; 0                 ; 0          ; 0    ; 0            ; |fifo|Register_file:U3|write_operation:U0                                 ; write_operation ; work         ;
;    |fifo_cal:U1|                              ; 26 (26)             ; 0 (0)                     ; 0                 ; 0          ; 0    ; 0            ; |fifo|fifo_cal:U1                                                         ; fifo_cal        ; work         ;
;    |fifo_ns:U0|                               ; 8 (8)               ; 0 (0)                     ; 0                 ; 0          ; 0    ; 0            ; |fifo|fifo_ns:U0                                                          ; fifo_ns         ; work         ;
;    |fifo_out:U2|                              ; 11 (11)             ; 0 (0)                     ; 0                 ; 0          ; 0    ; 0            ; |fifo|fifo_out:U2                                                         ; fifo_out        ; work         ;
;    |register32_r_en:reg_dout|                 ; 0 (0)               ; 32 (32)                   ; 0                 ; 0          ; 0    ; 0            ; |fifo|register32_r_en:reg_dout                                            ; register32_r_en ; work         ;
;    |register3_r_en:reg_head|                  ; 0 (0)               ; 3 (3)                     ; 0                 ; 0          ; 0    ; 0            ; |fifo|register3_r_en:reg_head                                             ; register3_r_en  ; work         ;
;    |register3_r_en:reg_state|                 ; 0 (0)               ; 3 (3)                     ; 0                 ; 0          ; 0    ; 0            ; |fifo|register3_r_en:reg_state                                            ; register3_r_en  ; work         ;
;    |register3_r_en:reg_tail|                  ; 0 (0)               ; 3 (3)                     ; 0                 ; 0          ; 0    ; 0            ; |fifo|register3_r_en:reg_tail                                             ; register3_r_en  ; work         ;
;    |register4_r_en:reg_data_count|            ; 0 (0)               ; 4 (4)                     ; 0                 ; 0          ; 0    ; 0            ; |fifo|register4_r_en:reg_data_count                                       ; register4_r_en  ; work         ;
+-----------------------------------------------+---------------------+---------------------------+-------------------+------------+------+--------------+---------------------------------------------------------------------------+-----------------+--------------+
Note: For table entries with two numbers listed, the numbers in parentheses indicate the number of resources of the given type used by the specific entity alone. The numbers listed outside of parentheses indicate the total resources of the given type used by the specific entity and all of its sub-entities in the hierarchy.


+----------------------------------------------------------------------------------------------------+
; User-Specified and Inferred Latches                                                                ;
+-----------------------------------------------------+---------------------+------------------------+
; Latch Name                                          ; Latch Enable Signal ; Free of Timing Hazards ;
+-----------------------------------------------------+---------------------+------------------------+
; fifo_out:U2|wr_ack                                  ; fifo_out:U2|Mux4    ; yes                    ;
; fifo_out:U2|wr_err                                  ; fifo_out:U2|Mux4    ; yes                    ;
; fifo_out:U2|rd_ack                                  ; fifo_out:U2|Mux4    ; yes                    ;
; fifo_out:U2|rd_err                                  ; fifo_out:U2|Mux4    ; yes                    ;
; fifo_cal:U1|re                                      ; fifo_cal:U1|Mux3    ; yes                    ;
; fifo_cal:U1|next_data_count[0]                      ; fifo_cal:U1|Mux3    ; yes                    ;
; fifo_cal:U1|next_data_count[3]                      ; fifo_cal:U1|Mux3    ; yes                    ;
; fifo_cal:U1|next_data_count[2]                      ; fifo_cal:U1|Mux3    ; yes                    ;
; fifo_cal:U1|next_data_count[1]                      ; fifo_cal:U1|Mux3    ; yes                    ;
; fifo_cal:U1|we                                      ; fifo_cal:U1|Mux3    ; yes                    ;
; fifo_cal:U1|next_head[0]                            ; fifo_cal:U1|Mux3    ; yes                    ;
; fifo_cal:U1|next_head[1]                            ; fifo_cal:U1|Mux3    ; yes                    ;
; fifo_cal:U1|next_head[2]                            ; fifo_cal:U1|Mux3    ; yes                    ;
; fifo_ns:U0|next_state[0]                            ; fifo_ns:U0|Mux1     ; yes                    ;
; fifo_ns:U0|next_state[2]                            ; fifo_ns:U0|Mux4     ; yes                    ;
; fifo_ns:U0|next_state[1]                            ; fifo_ns:U0|Mux4     ; yes                    ;
; fifo_cal:U1|next_tail[0]                            ; fifo_cal:U1|Mux3    ; yes                    ;
; fifo_cal:U1|next_tail[2]                            ; fifo_cal:U1|Mux3    ; yes                    ;
; fifo_cal:U1|next_tail[1]                            ; fifo_cal:U1|Mux3    ; yes                    ;
; Number of user-specified and inferred latches = 19  ;                     ;                        ;
+-----------------------------------------------------+---------------------+------------------------+
Note: All latches listed above may not be present at the end of synthesis due to various synthesis optimizations.


+------------------------------------------------------+
; General Register Statistics                          ;
+----------------------------------------------+-------+
; Statistic                                    ; Value ;
+----------------------------------------------+-------+
; Total registers                              ; 301   ;
; Number of registers using Synchronous Clear  ; 32    ;
; Number of registers using Synchronous Load   ; 0     ;
; Number of registers using Asynchronous Clear ; 301   ;
; Number of registers using Asynchronous Load  ; 0     ;
; Number of registers using Clock Enable       ; 256   ;
; Number of registers using Preset             ; 0     ;
+----------------------------------------------+-------+


+---------------------------------------------------------------------------------------------------------------------------------------------------+
; Multiplexer Restructuring Statistics (Restructuring Performed)                                                                                    ;
+--------------------+-----------+---------------+----------------------+------------------------+------------+-------------------------------------+
; Multiplexer Inputs ; Bus Width ; Baseline Area ; Area if Restructured ; Saving if Restructured ; Registered ; Example Multiplexer Output          ;
+--------------------+-----------+---------------+----------------------+------------------------+------------+-------------------------------------+
; 9:1                ; 32 bits   ; 192 LEs       ; 160 LEs              ; 32 LEs                 ; Yes        ; |fifo|register32_r_en:reg_dout|q[7] ;
; 6:1                ; 3 bits    ; 12 LEs        ; 6 LEs                ; 6 LEs                  ; No         ; |fifo|fifo_cal:U1|Mux12             ;
; 6:1                ; 3 bits    ; 12 LEs        ; 6 LEs                ; 6 LEs                  ; No         ; |fifo|fifo_cal:U1|Mux7              ;
; 4:1                ; 4 bits    ; 8 LEs         ; 8 LEs                ; 0 LEs                  ; No         ; |fifo|fifo_cal:U1|Mux2              ;
+--------------------+-----------+---------------+----------------------+------------------------+------------+-------------------------------------+


+---------------------------------------------------------+
; Parameter Settings for User Entity Instance: fifo_ns:U0 ;
+----------------+-------+--------------------------------+
; Parameter Name ; Value ; Type                           ;
+----------------+-------+--------------------------------+
; INIT           ; 000   ; Unsigned Binary                ;
; NO_OP          ; 001   ; Unsigned Binary                ;
; WRITE          ; 010   ; Unsigned Binary                ;
; WR_ERROR       ; 011   ; Unsigned Binary                ;
; READ           ; 100   ; Unsigned Binary                ;
; RD_ERROR       ; 101   ; Unsigned Binary                ;
+----------------+-------+--------------------------------+
Note: In order to hide this table in the UI and the text report file, please set the "Show Parameter Settings in Synthesis Report" option in "Analysis and Synthesis Settings -> More Settings" to "Off".


+----------------------------------------------------------+
; Parameter Settings for User Entity Instance: fifo_cal:U1 ;
+----------------+-------+---------------------------------+
; Parameter Name ; Value ; Type                            ;
+----------------+-------+---------------------------------+
; INIT           ; 000   ; Unsigned Binary                 ;
; NO_OP          ; 001   ; Unsigned Binary                 ;
; WRITE          ; 010   ; Unsigned Binary                 ;
; WR_ERROR       ; 011   ; Unsigned Binary                 ;
; READ           ; 100   ; Unsigned Binary                 ;
; RD_ERROR       ; 101   ; Unsigned Binary                 ;
+----------------+-------+---------------------------------+
Note: In order to hide this table in the UI and the text report file, please set the "Show Parameter Settings in Synthesis Report" option in "Analysis and Synthesis Settings -> More Settings" to "Off".


+----------------------------------------------------------+
; Parameter Settings for User Entity Instance: fifo_out:U2 ;
+----------------+-------+---------------------------------+
; Parameter Name ; Value ; Type                            ;
+----------------+-------+---------------------------------+
; INIT           ; 000   ; Unsigned Binary                 ;
; NO_OP          ; 001   ; Unsigned Binary                 ;
; WRITE          ; 010   ; Unsigned Binary                 ;
; WR_ERROR       ; 011   ; Unsigned Binary                 ;
; READ           ; 100   ; Unsigned Binary                 ;
; RD_ERROR       ; 101   ; Unsigned Binary                 ;
+----------------+-------+---------------------------------+
Note: In order to hide this table in the UI and the text report file, please set the "Show Parameter Settings in Synthesis Report" option in "Analysis and Synthesis Settings -> More Settings" to "Off".


+------------------------------------------------------+
; Port Connectivity Checks: "register32_r_en:reg_dout" ;
+------+-------+----------+----------------------------+
; Port ; Type  ; Severity ; Details                    ;
+------+-------+----------+----------------------------+
; en   ; Input ; Info     ; Stuck at VCC               ;
+------+-------+----------+----------------------------+


+-----------------------------------------------------+
; Port Connectivity Checks: "register3_r_en:reg_tail" ;
+------+-------+----------+---------------------------+
; Port ; Type  ; Severity ; Details                   ;
+------+-------+----------+---------------------------+
; en   ; Input ; Info     ; Stuck at VCC              ;
+------+-------+----------+---------------------------+


+-----------------------------------------------------+
; Port Connectivity Checks: "register3_r_en:reg_head" ;
+------+-------+----------+---------------------------+
; Port ; Type  ; Severity ; Details                   ;
+------+-------+----------+---------------------------+
; en   ; Input ; Info     ; Stuck at VCC              ;
+------+-------+----------+---------------------------+


+-----------------------------------------------------------+
; Port Connectivity Checks: "register4_r_en:reg_data_count" ;
+------+-------+----------+---------------------------------+
; Port ; Type  ; Severity ; Details                         ;
+------+-------+----------+---------------------------------+
; en   ; Input ; Info     ; Stuck at VCC                    ;
+------+-------+----------+---------------------------------+


+------------------------------------------------------+
; Port Connectivity Checks: "register3_r_en:reg_state" ;
+------+-------+----------+----------------------------+
; Port ; Type  ; Severity ; Details                    ;
+------+-------+----------+----------------------------+
; en   ; Input ; Info     ; Stuck at VCC               ;
+------+-------+----------+----------------------------+


+-----------------------------------------------------+
; Post-Synthesis Netlist Statistics for Top Partition ;
+-----------------------+-----------------------------+
; Type                  ; Count                       ;
+-----------------------+-----------------------------+
; arriav_ff             ; 301                         ;
;     CLR               ; 13                          ;
;     CLR SCLR          ; 32                          ;
;     ENA CLR           ; 256                         ;
; arriav_lcell_comb     ; 149                         ;
;     extend            ; 1                           ;
;         7 data inputs ; 1                           ;
;     normal            ; 148                         ;
;         2 data inputs ; 10                          ;
;         3 data inputs ; 51                          ;
;         4 data inputs ; 15                          ;
;         5 data inputs ; 5                           ;
;         6 data inputs ; 67                          ;
; boundary_port         ; 78                          ;
;                       ;                             ;
; Max LUT depth         ; 3.00                        ;
; Average LUT depth     ; 1.71                        ;
+-----------------------+-----------------------------+


+-------------------------------+
; Elapsed Time Per Partition    ;
+----------------+--------------+
; Partition Name ; Elapsed Time ;
+----------------+--------------+
; Top            ; 00:00:00     ;
+----------------+--------------+


+-------------------------------+
; Analysis & Synthesis Messages ;
+-------------------------------+
Info: *******************************************************************
Info: Running Quartus Prime Analysis & Synthesis
    Info: Version 18.1.0 Build 625 09/12/2018 SJ Lite Edition
    Info: Processing started: Tue Nov 07 13:34:03 2023
Info: Command: quartus_map --read_settings_files=on --write_settings_files=off fifo -c fifo
Warning (18236): Number of processors has not been specified which may cause overloading on shared machines.  Set the global assignment NUM_PARALLEL_PROCESSORS in your QSF to an appropriate value for best performance.
Info (20030): Parallel compilation is enabled and will use 12 of the 12 processors detected
Info (12021): Found 1 design units, including 1 entities, in source file register32_8.v
    Info (12023): Found entity 1: register32_8 File: C:/Users/kk200/verilog/Assignment8. FIFO/register32_8.v Line: 1
Info (12021): Found 21 design units, including 21 entities, in source file gates.v
    Info (12023): Found entity 1: _inv File: C:/Users/kk200/verilog/Assignment8. FIFO/gates.v Line: 2
    Info (12023): Found entity 2: _and2 File: C:/Users/kk200/verilog/Assignment8. FIFO/gates.v Line: 9
    Info (12023): Found entity 3: _and3 File: C:/Users/kk200/verilog/Assignment8. FIFO/gates.v Line: 16
    Info (12023): Found entity 4: _and4 File: C:/Users/kk200/verilog/Assignment8. FIFO/gates.v Line: 23
    Info (12023): Found entity 5: _and5 File: C:/Users/kk200/verilog/Assignment8. FIFO/gates.v Line: 30
    Info (12023): Found entity 6: _or2 File: C:/Users/kk200/verilog/Assignment8. FIFO/gates.v Line: 37
    Info (12023): Found entity 7: _or3 File: C:/Users/kk200/verilog/Assignment8. FIFO/gates.v Line: 45
    Info (12023): Found entity 8: _or4 File: C:/Users/kk200/verilog/Assignment8. FIFO/gates.v Line: 52
    Info (12023): Found entity 9: _or5 File: C:/Users/kk200/verilog/Assignment8. FIFO/gates.v Line: 59
    Info (12023): Found entity 10: _nand2 File: C:/Users/kk200/verilog/Assignment8. FIFO/gates.v Line: 66
    Info (12023): Found entity 11: _xor2 File: C:/Users/kk200/verilog/Assignment8. FIFO/gates.v Line: 74
    Info (12023): Found entity 12: _inv_4bits File: C:/Users/kk200/verilog/Assignment8. FIFO/gates.v Line: 88
    Info (12023): Found entity 13: _and2_4bits File: C:/Users/kk200/verilog/Assignment8. FIFO/gates.v Line: 96
    Info (12023): Found entity 14: _or2_4bits File: C:/Users/kk200/verilog/Assignment8. FIFO/gates.v Line: 104
    Info (12023): Found entity 15: _xor2_4bits File: C:/Users/kk200/verilog/Assignment8. FIFO/gates.v Line: 112
    Info (12023): Found entity 16: _xnor2_4bits File: C:/Users/kk200/verilog/Assignment8. FIFO/gates.v Line: 123
    Info (12023): Found entity 17: _inv_32bits File: C:/Users/kk200/verilog/Assignment8. FIFO/gates.v Line: 134
    Info (12023): Found entity 18: _and2_32bits File: C:/Users/kk200/verilog/Assignment8. FIFO/gates.v Line: 142
    Info (12023): Found entity 19: _or2_32bits File: C:/Users/kk200/verilog/Assignment8. FIFO/gates.v Line: 150
    Info (12023): Found entity 20: _xor2_32bits File: C:/Users/kk200/verilog/Assignment8. FIFO/gates.v Line: 158
    Info (12023): Found entity 21: _xnor2_32bits File: C:/Users/kk200/verilog/Assignment8. FIFO/gates.v Line: 173
Info (12021): Found 1 design units, including 1 entities, in source file _8_to_1_mux.v
    Info (12023): Found entity 1: _8_to_1_MUX File: C:/Users/kk200/verilog/Assignment8. FIFO/_8_to_1_MUX.v Line: 1
Info (12021): Found 1 design units, including 1 entities, in source file _3_to_8_decoder.v
    Info (12023): Found entity 1: _3_to_8_decoder File: C:/Users/kk200/verilog/Assignment8. FIFO/_3_to_8_decoder.v Line: 1
Info (12021): Found 1 design units, including 1 entities, in source file tb_fifo_cal.v
    Info (12023): Found entity 1: tb_fifo_cal File: C:/Users/kk200/verilog/Assignment8. FIFO/tb_fifo_cal.v Line: 3
Info (12021): Found 1 design units, including 1 entities, in source file write_operation.v
    Info (12023): Found entity 1: write_operation File: C:/Users/kk200/verilog/Assignment8. FIFO/write_operation.v Line: 1
Info (12021): Found 1 design units, including 1 entities, in source file register32_r_en.v
    Info (12023): Found entity 1: register32_r_en File: C:/Users/kk200/verilog/Assignment8. FIFO/register32_r_en.v Line: 1
Info (12021): Found 1 design units, including 1 entities, in source file read_operation.v
    Info (12023): Found entity 1: read_operation File: C:/Users/kk200/verilog/Assignment8. FIFO/read_operation.v Line: 1
Info (12021): Found 1 design units, including 1 entities, in source file fifo.v
    Info (12023): Found entity 1: fifo File: C:/Users/kk200/verilog/Assignment8. FIFO/fifo.v Line: 1
Info (12021): Found 1 design units, including 1 entities, in source file fifo_ns.v
    Info (12023): Found entity 1: fifo_ns File: C:/Users/kk200/verilog/Assignment8. FIFO/fifo_ns.v Line: 1
Info (12021): Found 1 design units, including 1 entities, in source file fifo_cal.v
    Info (12023): Found entity 1: fifo_cal File: C:/Users/kk200/verilog/Assignment8. FIFO/fifo_cal.v Line: 1
Info (12021): Found 1 design units, including 1 entities, in source file fifo_out.v
    Info (12023): Found entity 1: fifo_out File: C:/Users/kk200/verilog/Assignment8. FIFO/fifo_out.v Line: 1
Info (12021): Found 1 design units, including 1 entities, in source file register_file.v
    Info (12023): Found entity 1: Register_file File: C:/Users/kk200/verilog/Assignment8. FIFO/Register_file.v Line: 1
Info (12021): Found 1 design units, including 1 entities, in source file tb_fifo_ns.v
    Info (12023): Found entity 1: tb_fifo_ns File: C:/Users/kk200/verilog/Assignment8. FIFO/tb_fifo_ns.v Line: 3
Info (12021): Found 1 design units, including 1 entities, in source file tb_fifo_out.v
    Info (12023): Found entity 1: tb_fifo_out File: C:/Users/kk200/verilog/Assignment8. FIFO/tb_fifo_out.v Line: 3
Info (12021): Found 1 design units, including 1 entities, in source file register3_r_en.v
    Info (12023): Found entity 1: register3_r_en File: C:/Users/kk200/verilog/Assignment8. FIFO/register3_r_en.v Line: 1
Info (12021): Found 1 design units, including 1 entities, in source file register4_r_en.v
    Info (12023): Found entity 1: register4_r_en File: C:/Users/kk200/verilog/Assignment8. FIFO/register4_r_en.v Line: 1
Info (12021): Found 1 design units, including 1 entities, in source file tb_fifo.v
    Info (12023): Found entity 1: tb_fifo File: C:/Users/kk200/verilog/Assignment8. FIFO/tb_fifo.v Line: 3
Info (12127): Elaborating entity "fifo" for the top level hierarchy
Info (12128): Elaborating entity "fifo_ns" for hierarchy "fifo_ns:U0" File: C:/Users/kk200/verilog/Assignment8. FIFO/fifo.v Line: 15
Warning (10270): Verilog HDL Case Statement warning at fifo_ns.v(15): incomplete case statement has no default case item File: C:/Users/kk200/verilog/Assignment8. FIFO/fifo_ns.v Line: 15
Warning (10240): Verilog HDL Always Construct warning at fifo_ns.v(14): inferring latch(es) for variable "next_state", which holds its previous value in one or more paths through the always construct File: C:/Users/kk200/verilog/Assignment8. FIFO/fifo_ns.v Line: 14
Info (10041): Inferred latch for "next_state[0]" at fifo_ns.v(14) File: C:/Users/kk200/verilog/Assignment8. FIFO/fifo_ns.v Line: 14
Info (10041): Inferred latch for "next_state[1]" at fifo_ns.v(14) File: C:/Users/kk200/verilog/Assignment8. FIFO/fifo_ns.v Line: 14
Info (10041): Inferred latch for "next_state[2]" at fifo_ns.v(14) File: C:/Users/kk200/verilog/Assignment8. FIFO/fifo_ns.v Line: 14
Info (12128): Elaborating entity "fifo_cal" for hierarchy "fifo_cal:U1" File: C:/Users/kk200/verilog/Assignment8. FIFO/fifo.v Line: 17
Warning (10230): Verilog HDL assignment warning at fifo_cal.v(29): truncated value with size 32 to match size of target (3) File: C:/Users/kk200/verilog/Assignment8. FIFO/fifo_cal.v Line: 29
Warning (10230): Verilog HDL assignment warning at fifo_cal.v(30): truncated value with size 32 to match size of target (4) File: C:/Users/kk200/verilog/Assignment8. FIFO/fifo_cal.v Line: 30
Warning (10230): Verilog HDL assignment warning at fifo_cal.v(39): truncated value with size 32 to match size of target (3) File: C:/Users/kk200/verilog/Assignment8. FIFO/fifo_cal.v Line: 39
Warning (10230): Verilog HDL assignment warning at fifo_cal.v(40): truncated value with size 32 to match size of target (4) File: C:/Users/kk200/verilog/Assignment8. FIFO/fifo_cal.v Line: 40
Warning (10270): Verilog HDL Case Statement warning at fifo_cal.v(17): incomplete case statement has no default case item File: C:/Users/kk200/verilog/Assignment8. FIFO/fifo_cal.v Line: 17
Warning (10240): Verilog HDL Always Construct warning at fifo_cal.v(16): inferring latch(es) for variable "next_head", which holds its previous value in one or more paths through the always construct File: C:/Users/kk200/verilog/Assignment8. FIFO/fifo_cal.v Line: 16
Warning (10240): Verilog HDL Always Construct warning at fifo_cal.v(16): inferring latch(es) for variable "next_tail", which holds its previous value in one or more paths through the always construct File: C:/Users/kk200/verilog/Assignment8. FIFO/fifo_cal.v Line: 16
Warning (10240): Verilog HDL Always Construct warning at fifo_cal.v(16): inferring latch(es) for variable "next_data_count", which holds its previous value in one or more paths through the always construct File: C:/Users/kk200/verilog/Assignment8. FIFO/fifo_cal.v Line: 16
Warning (10240): Verilog HDL Always Construct warning at fifo_cal.v(16): inferring latch(es) for variable "we", which holds its previous value in one or more paths through the always construct File: C:/Users/kk200/verilog/Assignment8. FIFO/fifo_cal.v Line: 16
Warning (10240): Verilog HDL Always Construct warning at fifo_cal.v(16): inferring latch(es) for variable "re", which holds its previous value in one or more paths through the always construct File: C:/Users/kk200/verilog/Assignment8. FIFO/fifo_cal.v Line: 16
Info (10041): Inferred latch for "re" at fifo_cal.v(16) File: C:/Users/kk200/verilog/Assignment8. FIFO/fifo_cal.v Line: 16
Info (10041): Inferred latch for "we" at fifo_cal.v(16) File: C:/Users/kk200/verilog/Assignment8. FIFO/fifo_cal.v Line: 16
Info (10041): Inferred latch for "next_data_count[0]" at fifo_cal.v(16) File: C:/Users/kk200/verilog/Assignment8. FIFO/fifo_cal.v Line: 16
Info (10041): Inferred latch for "next_data_count[1]" at fifo_cal.v(16) File: C:/Users/kk200/verilog/Assignment8. FIFO/fifo_cal.v Line: 16
Info (10041): Inferred latch for "next_data_count[2]" at fifo_cal.v(16) File: C:/Users/kk200/verilog/Assignment8. FIFO/fifo_cal.v Line: 16
Info (10041): Inferred latch for "next_data_count[3]" at fifo_cal.v(16) File: C:/Users/kk200/verilog/Assignment8. FIFO/fifo_cal.v Line: 16
Info (10041): Inferred latch for "next_tail[0]" at fifo_cal.v(16) File: C:/Users/kk200/verilog/Assignment8. FIFO/fifo_cal.v Line: 16
Info (10041): Inferred latch for "next_tail[1]" at fifo_cal.v(16) File: C:/Users/kk200/verilog/Assignment8. FIFO/fifo_cal.v Line: 16
Info (10041): Inferred latch for "next_tail[2]" at fifo_cal.v(16) File: C:/Users/kk200/verilog/Assignment8. FIFO/fifo_cal.v Line: 16
Info (10041): Inferred latch for "next_head[0]" at fifo_cal.v(16) File: C:/Users/kk200/verilog/Assignment8. FIFO/fifo_cal.v Line: 16
Info (10041): Inferred latch for "next_head[1]" at fifo_cal.v(16) File: C:/Users/kk200/verilog/Assignment8. FIFO/fifo_cal.v Line: 16
Info (10041): Inferred latch for "next_head[2]" at fifo_cal.v(16) File: C:/Users/kk200/verilog/Assignment8. FIFO/fifo_cal.v Line: 16
Info (12128): Elaborating entity "fifo_out" for hierarchy "fifo_out:U2" File: C:/Users/kk200/verilog/Assignment8. FIFO/fifo.v Line: 19
Warning (10270): Verilog HDL Case Statement warning at fifo_out.v(27): incomplete case statement has no default case item File: C:/Users/kk200/verilog/Assignment8. FIFO/fifo_out.v Line: 27
Warning (10240): Verilog HDL Always Construct warning at fifo_out.v(13): inferring latch(es) for variable "wr_ack", which holds its previous value in one or more paths through the always construct File: C:/Users/kk200/verilog/Assignment8. FIFO/fifo_out.v Line: 13
Warning (10240): Verilog HDL Always Construct warning at fifo_out.v(13): inferring latch(es) for variable "wr_err", which holds its previous value in one or more paths through the always construct File: C:/Users/kk200/verilog/Assignment8. FIFO/fifo_out.v Line: 13
Warning (10240): Verilog HDL Always Construct warning at fifo_out.v(13): inferring latch(es) for variable "rd_ack", which holds its previous value in one or more paths through the always construct File: C:/Users/kk200/verilog/Assignment8. FIFO/fifo_out.v Line: 13
Warning (10240): Verilog HDL Always Construct warning at fifo_out.v(13): inferring latch(es) for variable "rd_err", which holds its previous value in one or more paths through the always construct File: C:/Users/kk200/verilog/Assignment8. FIFO/fifo_out.v Line: 13
Info (10041): Inferred latch for "rd_err" at fifo_out.v(13) File: C:/Users/kk200/verilog/Assignment8. FIFO/fifo_out.v Line: 13
Info (10041): Inferred latch for "rd_ack" at fifo_out.v(13) File: C:/Users/kk200/verilog/Assignment8. FIFO/fifo_out.v Line: 13
Info (10041): Inferred latch for "wr_err" at fifo_out.v(13) File: C:/Users/kk200/verilog/Assignment8. FIFO/fifo_out.v Line: 13
Info (10041): Inferred latch for "wr_ack" at fifo_out.v(13) File: C:/Users/kk200/verilog/Assignment8. FIFO/fifo_out.v Line: 13
Info (12128): Elaborating entity "Register_file" for hierarchy "Register_file:U3" File: C:/Users/kk200/verilog/Assignment8. FIFO/fifo.v Line: 20
Info (12128): Elaborating entity "write_operation" for hierarchy "Register_file:U3|write_operation:U0" File: C:/Users/kk200/verilog/Assignment8. FIFO/Register_file.v Line: 11
Info (12128): Elaborating entity "_3_to_8_decoder" for hierarchy "Register_file:U3|write_operation:U0|_3_to_8_decoder:U0_3_to_8_decoder" File: C:/Users/kk200/verilog/Assignment8. FIFO/write_operation.v Line: 9
Info (12128): Elaborating entity "register32_8" for hierarchy "Register_file:U3|register32_8:U1" File: C:/Users/kk200/verilog/Assignment8. FIFO/Register_file.v Line: 15
Info (12128): Elaborating entity "register32_r_en" for hierarchy "Register_file:U3|register32_8:U1|register32_r_en:U0_regitser32_r_en" File: C:/Users/kk200/verilog/Assignment8. FIFO/register32_8.v Line: 9
Info (12128): Elaborating entity "read_operation" for hierarchy "Register_file:U3|read_operation:U2" File: C:/Users/kk200/verilog/Assignment8. FIFO/Register_file.v Line: 19
Info (12128): Elaborating entity "_8_to_1_MUX" for hierarchy "Register_file:U3|read_operation:U2|_8_to_1_MUX:U0_mx8" File: C:/Users/kk200/verilog/Assignment8. FIFO/read_operation.v Line: 9
Info (12128): Elaborating entity "register3_r_en" for hierarchy "register3_r_en:reg_state" File: C:/Users/kk200/verilog/Assignment8. FIFO/fifo.v Line: 22
Info (12128): Elaborating entity "register4_r_en" for hierarchy "register4_r_en:reg_data_count" File: C:/Users/kk200/verilog/Assignment8. FIFO/fifo.v Line: 23
Warning (13012): Latch fifo_out:U2|wr_ack has unsafe behavior File: C:/Users/kk200/verilog/Assignment8. FIFO/fifo_out.v Line: 4
    Warning (13013): Ports D and ENA on the latch are fed by the same signal register3_r_en:reg_state|q[1] File: C:/Users/kk200/verilog/Assignment8. FIFO/register3_r_en.v Line: 9
Warning (13012): Latch fifo_out:U2|wr_err has unsafe behavior File: C:/Users/kk200/verilog/Assignment8. FIFO/fifo_out.v Line: 4
    Warning (13013): Ports D and ENA on the latch are fed by the same signal register3_r_en:reg_state|q[1] File: C:/Users/kk200/verilog/Assignment8. FIFO/register3_r_en.v Line: 9
Warning (13012): Latch fifo_out:U2|rd_ack has unsafe behavior File: C:/Users/kk200/verilog/Assignment8. FIFO/fifo_out.v Line: 4
    Warning (13013): Ports D and ENA on the latch are fed by the same signal register3_r_en:reg_state|q[2] File: C:/Users/kk200/verilog/Assignment8. FIFO/register3_r_en.v Line: 9
Warning (13012): Latch fifo_out:U2|rd_err has unsafe behavior File: C:/Users/kk200/verilog/Assignment8. FIFO/fifo_out.v Line: 4
    Warning (13013): Ports D and ENA on the latch are fed by the same signal register3_r_en:reg_state|q[2] File: C:/Users/kk200/verilog/Assignment8. FIFO/register3_r_en.v Line: 9
Warning (13012): Latch fifo_cal:U1|re has unsafe behavior File: C:/Users/kk200/verilog/Assignment8. FIFO/fifo_cal.v Line: 4
    Warning (13013): Ports D and ENA on the latch are fed by the same signal fifo_ns:U0|next_state[2] File: C:/Users/kk200/verilog/Assignment8. FIFO/fifo_ns.v Line: 14
Warning (13012): Latch fifo_cal:U1|next_data_count[0] has unsafe behavior File: C:/Users/kk200/verilog/Assignment8. FIFO/fifo_cal.v Line: 16
    Warning (13013): Ports D and ENA on the latch are fed by the same signal fifo_ns:U0|next_state[1] File: C:/Users/kk200/verilog/Assignment8. FIFO/fifo_ns.v Line: 14
Warning (13012): Latch fifo_cal:U1|next_data_count[3] has unsafe behavior File: C:/Users/kk200/verilog/Assignment8. FIFO/fifo_cal.v Line: 16
    Warning (13013): Ports D and ENA on the latch are fed by the same signal fifo_ns:U0|next_state[1] File: C:/Users/kk200/verilog/Assignment8. FIFO/fifo_ns.v Line: 14
Warning (13012): Latch fifo_cal:U1|next_data_count[2] has unsafe behavior File: C:/Users/kk200/verilog/Assignment8. FIFO/fifo_cal.v Line: 16
    Warning (13013): Ports D and ENA on the latch are fed by the same signal fifo_ns:U0|next_state[1] File: C:/Users/kk200/verilog/Assignment8. FIFO/fifo_ns.v Line: 14
Warning (13012): Latch fifo_cal:U1|next_data_count[1] has unsafe behavior File: C:/Users/kk200/verilog/Assignment8. FIFO/fifo_cal.v Line: 16
    Warning (13013): Ports D and ENA on the latch are fed by the same signal fifo_ns:U0|next_state[1] File: C:/Users/kk200/verilog/Assignment8. FIFO/fifo_ns.v Line: 14
Warning (13012): Latch fifo_cal:U1|we has unsafe behavior File: C:/Users/kk200/verilog/Assignment8. FIFO/fifo_cal.v Line: 4
    Warning (13013): Ports D and ENA on the latch are fed by the same signal fifo_ns:U0|next_state[1] File: C:/Users/kk200/verilog/Assignment8. FIFO/fifo_ns.v Line: 14
Warning (13012): Latch fifo_cal:U1|next_head[0] has unsafe behavior File: C:/Users/kk200/verilog/Assignment8. FIFO/fifo_cal.v Line: 16
    Warning (13013): Ports D and ENA on the latch are fed by the same signal fifo_ns:U0|next_state[2] File: C:/Users/kk200/verilog/Assignment8. FIFO/fifo_ns.v Line: 14
Warning (13012): Latch fifo_cal:U1|next_head[1] has unsafe behavior File: C:/Users/kk200/verilog/Assignment8. FIFO/fifo_cal.v Line: 16
    Warning (13013): Ports D and ENA on the latch are fed by the same signal fifo_ns:U0|next_state[2] File: C:/Users/kk200/verilog/Assignment8. FIFO/fifo_ns.v Line: 14
Warning (13012): Latch fifo_cal:U1|next_head[2] has unsafe behavior File: C:/Users/kk200/verilog/Assignment8. FIFO/fifo_cal.v Line: 16
    Warning (13013): Ports D and ENA on the latch are fed by the same signal fifo_ns:U0|next_state[2] File: C:/Users/kk200/verilog/Assignment8. FIFO/fifo_ns.v Line: 14
Warning (13012): Latch fifo_ns:U0|next_state[0] has unsafe behavior File: C:/Users/kk200/verilog/Assignment8. FIFO/fifo_ns.v Line: 14
    Warning (13013): Ports D and ENA on the latch are fed by the same signal register3_r_en:reg_state|q[1] File: C:/Users/kk200/verilog/Assignment8. FIFO/register3_r_en.v Line: 9
Warning (13012): Latch fifo_ns:U0|next_state[2] has unsafe behavior File: C:/Users/kk200/verilog/Assignment8. FIFO/fifo_ns.v Line: 14
    Warning (13013): Ports D and ENA on the latch are fed by the same signal rd_en File: C:/Users/kk200/verilog/Assignment8. FIFO/fifo.v Line: 2
Warning (13012): Latch fifo_ns:U0|next_state[1] has unsafe behavior File: C:/Users/kk200/verilog/Assignment8. FIFO/fifo_ns.v Line: 14
    Warning (13013): Ports D and ENA on the latch are fed by the same signal rd_en File: C:/Users/kk200/verilog/Assignment8. FIFO/fifo.v Line: 2
Warning (13012): Latch fifo_cal:U1|next_tail[0] has unsafe behavior File: C:/Users/kk200/verilog/Assignment8. FIFO/fifo_cal.v Line: 16
    Warning (13013): Ports D and ENA on the latch are fed by the same signal fifo_ns:U0|next_state[1] File: C:/Users/kk200/verilog/Assignment8. FIFO/fifo_ns.v Line: 14
Warning (13012): Latch fifo_cal:U1|next_tail[2] has unsafe behavior File: C:/Users/kk200/verilog/Assignment8. FIFO/fifo_cal.v Line: 16
    Warning (13013): Ports D and ENA on the latch are fed by the same signal fifo_ns:U0|next_state[1] File: C:/Users/kk200/verilog/Assignment8. FIFO/fifo_ns.v Line: 14
Warning (13012): Latch fifo_cal:U1|next_tail[1] has unsafe behavior File: C:/Users/kk200/verilog/Assignment8. FIFO/fifo_cal.v Line: 16
    Warning (13013): Ports D and ENA on the latch are fed by the same signal fifo_ns:U0|next_state[1] File: C:/Users/kk200/verilog/Assignment8. FIFO/fifo_ns.v Line: 14
Info (286030): Timing-Driven Synthesis is running
Info (144001): Generated suppressed messages file C:/Users/kk200/verilog/Assignment8. FIFO/output_files/fifo.map.smsg
Info (16010): Generating hard_block partition "hard_block:auto_generated_inst"
    Info (16011): Adding 0 node(s), including 0 DDIO, 0 PLL, 0 transceiver and 0 LCELL
Info (21057): Implemented 496 device resources after synthesis - the final resource count might be different
    Info (21058): Implemented 36 input pins
    Info (21059): Implemented 42 output pins
    Info (21061): Implemented 418 logic cells
Info: Quartus Prime Analysis & Synthesis was successful. 0 errors, 56 warnings
    Info: Peak virtual memory: 4888 megabytes
    Info: Processing ended: Tue Nov 07 13:34:14 2023
    Info: Elapsed time: 00:00:11
    Info: Total CPU time (on all processors): 00:00:09


+------------------------------------------+
; Analysis & Synthesis Suppressed Messages ;
+------------------------------------------+
The suppressed messages can be found in C:/Users/kk200/verilog/Assignment8. FIFO/output_files/fifo.map.smsg.


